<?xml version="1.0" encoding="UTF-8"?>
<testsuite name="com.csc.TestGroceryCounter" tests="8" skipped="0" failures="0" errors="0" timestamp="2024-09-09T17:40:04" hostname="ALEXTHELAMBO" time="0.029">
  <properties/>
  <testcase name="testClear()" classname="com.csc.TestGroceryCounter" time="0.019"/>
  <testcase name="testOnes()" classname="com.csc.TestGroceryCounter" time="0.001"/>
  <testcase name="testTens()" classname="com.csc.TestGroceryCounter" time="0.0"/>
  <testcase name="testMultipleIncrements()" classname="com.csc.TestGroceryCounter" time="0.001"/>
  <testcase name="testHundredths()" classname="com.csc.TestGroceryCounter" time="0.0"/>
  <testcase name="testOverflow()" classname="com.csc.TestGroceryCounter" time="0.0"/>
  <testcase name="testTenths()" classname="com.csc.TestGroceryCounter" time="0.0"/>
  <testcase name="itWorks()" classname="com.csc.TestGroceryCounter" time="0.001"/>
  <system-out><![CDATA[]]></system-out>
  <system-err><![CDATA[]]></system-err>
</testsuite>
